<?xml version="1.0" encoding="UTF-8"?>
<!-- Generated by org.testng.reporters.JUnitReportReporter -->
<testsuite skipped="0" hostname="DESKTOP-HB7JBFV" name="TestngBasics.Test1" tests="3" failures="0" timestamp="2023-08-09T20:57:50 IST" time="0.032" errors="0">
  <testcase name="method3" time="0.007" classname="TestngBasics.Test1"/>
  <system-out/>
  <testcase name="method1" time="0.020" classname="TestngBasics.Test1"/>
  <system-out/>
  <testcase name="method2" time="0.005" classname="TestngBasics.Test1"/>
  <system-out/>
</testsuite> <!-- TestngBasics.Test1 -->
