<?xml version="1.0" encoding="UTF-8"?>
<!-- Generated by org.testng.reporters.JUnitReportReporter -->
<testsuite skipped="0" hostname="DESKTOP-HB7JBFV" name="demo.assertionInTestNG" tests="1" failures="0" timestamp="2023-08-10T00:49:47 IST" time="0.021" errors="0">
  <testcase name="method1" time="0.021" classname="demo.assertionInTestNG"/>
  <system-out/>
</testsuite> <!-- demo.assertionInTestNG -->
